Using pre-set license
Built from '2020.3/staging' branch; Version is '2020.3.13f1 (71691879b7f5) revision 7432472'; Using compiler version '192528614'; Build Type 'Release'
OS: 'Windows 10 Home; OS build 19043.1165; Version 2009; 64bit' Language: 'en' Physical Memory: 16348 MB
BatchMode: 1, IsHumanControllingUs: 0, StartBugReporterOnCrash: 0, Is64bit: 1, IsPro: 0

 COMMAND LINE ARGUMENTS:
C:\Program Files\Unity\Hub\Editor\2020.3.13f1\Editor\Unity.exe
-adb2
-batchMode
-noUpm
-name
AssetImportWorker0
-projectPath
E:/GitHub/Matte/Matte/Matte
-logFile
Logs/AssetImportWorker0.log
-srvPort
2365
Successfully changed project path to: E:/GitHub/Matte/Matte/Matte
E:/GitHub/Matte/Matte/Matte
Using Asset Import Pipeline V2.
Refreshing native plugins compatible for Editor in 25.67 ms, found 2 plugins.
Preloading 0 native plugins for Editor in 0.00 ms.
Initialize engine version: 2020.3.13f1 (71691879b7f5)
[Subsystems] Discovering subsystems at path C:/Program Files/Unity/Hub/Editor/2020.3.13f1/Editor/Data/Resources/UnitySubsystems
[Subsystems] Discovering subsystems at path E:/GitHub/Matte/Matte/Matte/Assets
GfxDevice: creating device client; threaded=0
Direct3D:
    Version:  Direct3D 11.0 [level 11.1]
    Renderer: NVIDIA GeForce GTX 1060 6GB (ID=0x1c03)
    Vendor:   
    VRAM:     6052 MB
    Driver:   27.21.14.6192
Initialize mono
Mono path[0] = 'C:/Program Files/Unity/Hub/Editor/2020.3.13f1/Editor/Data/Managed'
Mono path[1] = 'C:/Program Files/Unity/Hub/Editor/2020.3.13f1/Editor/Data/MonoBleedingEdge/lib/mono/unityjit'
Mono config path = 'C:/Program Files/Unity/Hub/Editor/2020.3.13f1/Editor/Data/MonoBleedingEdge/etc'
Using monoOptions --debugger-agent=transport=dt_socket,embedding=1,server=y,suspend=n,address=127.0.0.1:56288
Begin MonoManager ReloadAssembly
Registering precompiled unity dll's ...
Register platform support module: C:/Program Files/Unity/Hub/Editor/2020.3.13f1/Editor/Data/PlaybackEngines/WindowsStandaloneSupport/UnityEditor.WindowsStandalone.Extensions.dll
Registered in 0.002090 seconds.
Native extension for WindowsStandalone target not found
Refreshing native plugins compatible for Editor in 23.31 ms, found 2 plugins.
Preloading 0 native plugins for Editor in 0.00 ms.
Mono: successfully reloaded assembly
- Completed reload, in  1.067 seconds
Platform modules already initialized, skipping
Registering precompiled user dll's ...
Registered in 0.003436 seconds.
Begin MonoManager ReloadAssembly
Native extension for WindowsStandalone target not found
Refreshing native plugins compatible for Editor in 0.25 ms, found 2 plugins.
Preloading 0 native plugins for Editor in 0.00 ms.
Mono: successfully reloaded assembly
- Completed reload, in  0.889 seconds
Platform modules already initialized, skipping
========================================================================
Worker process is ready to serve import requests
Launched and connected shader compiler UnityShaderCompiler.exe after 0.04 seconds
Refreshing native plugins compatible for Editor in 0.25 ms, found 2 plugins.
Preloading 0 native plugins for Editor in 0.00 ms.
Unloading 1390 Unused Serialized files (Serialized files now loaded: 0)
System memory in use before: 64.8 MB.
System memory in use after: 64.9 MB.

Unloading 19 unused Assets to reduce memory usage. Loaded Objects now: 1823.
Total: 1.742100 ms (FindLiveObjects: 0.104800 ms CreateObjectMapping: 0.031800 ms MarkObjects: 1.504500 ms  DeleteObjects: 0.100300 ms)

AssetImportParameters requested are different than current active one (requested -> active):
  custom:framework-win-MediaFoundation: 216162199b28c13a410421893ffa2e32 -> 
  custom:video-decoder-ogg-theora: a1e56fd34408186e4bbccfd4996cb3dc -> 
  custom:container-muxer-webm: aa71ff27fc2769a1b78a27578f13a17b -> 
  custom:container-demuxer-webm: 4f35f7cbe854078d1ac9338744f61a02 -> 
  custom:container-demuxer-ogg: 62fdf1f143b41e24485cea50d1cbac27 -> 
  custom:video-encoder-webm-vp8: eb34c28f22e8b96e1ab97ce403110664 -> 
  custom:video-codec-MediaFoundation-h265: 746d11721c4dcdbdad8f713fa42b33f4 -> 
  custom:video-decoder-webm-vp8: 9c59270c3fd7afecdb556c50c9e8de78 -> 
  custom:audio-decoder-ogg-vorbis: bf7c407c2cedff20999df2af8eb42d56 -> 
  custom:audio-encoder-webm-vorbis: bf7c407c2cedff20999df2af8eb42d56 -> 
========================================================================
Received Import Request.
  path: Assets/BorsaGame_Test.fbx
  artifactKey: Guid(e1a458dd3af2e2b47beaa7366285a276) Importer(815301076,1909f56bfc062723c751e8b465ee728b)
Start importing Assets/BorsaGame_Test.fbx using Guid(e1a458dd3af2e2b47beaa7366285a276) Importer(815301076,1909f56bfc062723c751e8b465ee728b)  -> (artifact id: '426e7785a0785f37d50666255a1ef422') in 0.155880 seconds 
  Import took 0.157975 seconds .

========================================================================
Received Import Request.
  Time since last request: 16.928703 seconds.
  path: Assets/Materials/Glass.mat
  artifactKey: Guid(1449e95e5af919b489464c99637e2c54) Importer(815301076,1909f56bfc062723c751e8b465ee728b)
Start importing Assets/Materials/Glass.mat using Guid(1449e95e5af919b489464c99637e2c54) Importer(815301076,1909f56bfc062723c751e8b465ee728b)  -> (artifact id: 'be0316cb73d7b330e594b04cfc955757') in 0.018557 seconds 
  Import took 0.020892 seconds .

========================================================================
Received Import Request.
  Time since last request: 4.126467 seconds.
  path: Assets/BorsaGame_Test.fbx
  artifactKey: Guid(e1a458dd3af2e2b47beaa7366285a276) Importer(815301076,1909f56bfc062723c751e8b465ee728b)
Start importing Assets/BorsaGame_Test.fbx using Guid(e1a458dd3af2e2b47beaa7366285a276) Importer(815301076,1909f56bfc062723c751e8b465ee728b)  -> (artifact id: 'e437815976927dc85a4aa2a63a4c0004') in 0.051020 seconds 
  Import took 0.053627 seconds .

========================================================================
Received Import Request.
  Time since last request: 68.417019 seconds.
  path: Assets/BorsaGame_Test.fbx
  artifactKey: Guid(e1a458dd3af2e2b47beaa7366285a276) Importer(815301076,1909f56bfc062723c751e8b465ee728b)
Start importing Assets/BorsaGame_Test.fbx using Guid(e1a458dd3af2e2b47beaa7366285a276) Importer(815301076,1909f56bfc062723c751e8b465ee728b)  -> (artifact id: '178636bab5b3dd2fce2f1951cd22c389') in 0.048889 seconds 
  Import took 0.051558 seconds .

========================================================================
Received Import Request.
  Time since last request: 11.890640 seconds.
  path: Assets/BorsaGame_Test.fbx
  artifactKey: Guid(e1a458dd3af2e2b47beaa7366285a276) Importer(815301076,1909f56bfc062723c751e8b465ee728b)
Start importing Assets/BorsaGame_Test.fbx using Guid(e1a458dd3af2e2b47beaa7366285a276) Importer(815301076,1909f56bfc062723c751e8b465ee728b)  -> (artifact id: 'adefd56af1ad4fcbd069e6904062c504') in 0.048689 seconds 
  Import took 0.051313 seconds .

AssetImportWorkerClient::OnTransportError - code=2 error=End of file
