Using pre-set license
Built from '2020.3/staging' branch; Version is '2020.3.13f1 (71691879b7f5) revision 7432472'; Using compiler version '192528614'; Build Type 'Release'
OS: 'Windows 10 Home; OS build 19043.1165; Version 2009; 64bit' Language: 'en' Physical Memory: 16348 MB
BatchMode: 1, IsHumanControllingUs: 0, StartBugReporterOnCrash: 0, Is64bit: 1, IsPro: 0

 COMMAND LINE ARGUMENTS:
C:\Program Files\Unity\Hub\Editor\2020.3.13f1\Editor\Unity.exe
-adb2
-batchMode
-noUpm
-name
AssetImportWorker0
-projectPath
E:/GitHub/Matte/Matte/Matte
-logFile
Logs/AssetImportWorker0.log
-srvPort
10021
Successfully changed project path to: E:/GitHub/Matte/Matte/Matte
E:/GitHub/Matte/Matte/Matte
Using Asset Import Pipeline V2.
Refreshing native plugins compatible for Editor in 32.53 ms, found 2 plugins.
Preloading 0 native plugins for Editor in 0.00 ms.
Initialize engine version: 2020.3.13f1 (71691879b7f5)
[Subsystems] Discovering subsystems at path C:/Program Files/Unity/Hub/Editor/2020.3.13f1/Editor/Data/Resources/UnitySubsystems
[Subsystems] Discovering subsystems at path E:/GitHub/Matte/Matte/Matte/Assets
GfxDevice: creating device client; threaded=0
Direct3D:
    Version:  Direct3D 11.0 [level 11.1]
    Renderer: NVIDIA GeForce GTX 1060 6GB (ID=0x1c03)
    Vendor:   
    VRAM:     6052 MB
    Driver:   27.21.14.6192
Initialize mono
Mono path[0] = 'C:/Program Files/Unity/Hub/Editor/2020.3.13f1/Editor/Data/Managed'
Mono path[1] = 'C:/Program Files/Unity/Hub/Editor/2020.3.13f1/Editor/Data/MonoBleedingEdge/lib/mono/unityjit'
Mono config path = 'C:/Program Files/Unity/Hub/Editor/2020.3.13f1/Editor/Data/MonoBleedingEdge/etc'
Using monoOptions --debugger-agent=transport=dt_socket,embedding=1,server=y,suspend=n,address=127.0.0.1:56868
Begin MonoManager ReloadAssembly
Registering precompiled unity dll's ...
Register platform support module: C:/Program Files/Unity/Hub/Editor/2020.3.13f1/Editor/Data/PlaybackEngines/WindowsStandaloneSupport/UnityEditor.WindowsStandalone.Extensions.dll
Registered in 0.002157 seconds.
Native extension for WindowsStandalone target not found
Refreshing native plugins compatible for Editor in 31.20 ms, found 2 plugins.
Preloading 0 native plugins for Editor in 0.00 ms.
Mono: successfully reloaded assembly
- Completed reload, in  1.097 seconds
Platform modules already initialized, skipping
Registering precompiled user dll's ...
Registered in 0.003517 seconds.
Begin MonoManager ReloadAssembly
Native extension for WindowsStandalone target not found
Refreshing native plugins compatible for Editor in 0.32 ms, found 2 plugins.
Preloading 0 native plugins for Editor in 0.00 ms.
Mono: successfully reloaded assembly
- Completed reload, in  0.955 seconds
Platform modules already initialized, skipping
========================================================================
Worker process is ready to serve import requests
Launched and connected shader compiler UnityShaderCompiler.exe after 0.05 seconds
Refreshing native plugins compatible for Editor in 0.32 ms, found 2 plugins.
Preloading 0 native plugins for Editor in 0.00 ms.
Unloading 1564 Unused Serialized files (Serialized files now loaded: 0)
System memory in use before: 156.0 MB.
System memory in use after: 125.0 MB.

Unloading 51 unused Assets to reduce memory usage. Loaded Objects now: 1967.
Total: 7.906500 ms (FindLiveObjects: 0.190300 ms CreateObjectMapping: 0.060800 ms MarkObjects: 2.069800 ms  DeleteObjects: 5.584300 ms)

AssetImportParameters requested are different than current active one (requested -> active):
  custom:framework-win-MediaFoundation: 216162199b28c13a410421893ffa2e32 -> 
  custom:video-decoder-ogg-theora: a1e56fd34408186e4bbccfd4996cb3dc -> 
  custom:container-muxer-webm: aa71ff27fc2769a1b78a27578f13a17b -> 
  custom:container-demuxer-webm: 4f35f7cbe854078d1ac9338744f61a02 -> 
  custom:container-demuxer-ogg: 62fdf1f143b41e24485cea50d1cbac27 -> 
  custom:video-encoder-webm-vp8: eb34c28f22e8b96e1ab97ce403110664 -> 
  custom:video-codec-MediaFoundation-h265: 746d11721c4dcdbdad8f713fa42b33f4 -> 
  custom:video-decoder-webm-vp8: 9c59270c3fd7afecdb556c50c9e8de78 -> 
  custom:audio-decoder-ogg-vorbis: bf7c407c2cedff20999df2af8eb42d56 -> 
  custom:audio-encoder-webm-vorbis: bf7c407c2cedff20999df2af8eb42d56 -> 
========================================================================
Received Import Request.
  path: Assets/Assets/2048pool.fbx
  artifactKey: Guid(1a212fa70df27bf49aef70d7451b3eaf) Importer(815301076,1909f56bfc062723c751e8b465ee728b)
Start importing Assets/Assets/2048pool.fbx using Guid(1a212fa70df27bf49aef70d7451b3eaf) Importer(815301076,1909f56bfc062723c751e8b465ee728b)  -> (artifact id: '3cb3d59cea5bcfca0c38ccf78edddfef') in 0.046436 seconds 
  Import took 0.048942 seconds .

========================================================================
Received Import Request.
  Time since last request: 24.484372 seconds.
  path: Assets/Assets/2048pool.fbx
  artifactKey: Guid(1a212fa70df27bf49aef70d7451b3eaf) Importer(815301076,1909f56bfc062723c751e8b465ee728b)
Start importing Assets/Assets/2048pool.fbx using Guid(1a212fa70df27bf49aef70d7451b3eaf) Importer(815301076,1909f56bfc062723c751e8b465ee728b)  -> (artifact id: '8deab94916cfe2ae83ba20ea99d2706d') in 0.240541 seconds 
  Import took 0.243785 seconds .

========================================================================
Received Import Request.
  Time since last request: 2808.686457 seconds.
  path: Assets/Materials/Sphere4.png
  artifactKey: Guid(1a932e341c29488448c35f513dd2fc5d) Importer(815301076,1909f56bfc062723c751e8b465ee728b)
Start importing Assets/Materials/Sphere4.png using Guid(1a932e341c29488448c35f513dd2fc5d) Importer(815301076,1909f56bfc062723c751e8b465ee728b)  -> (artifact id: 'c4f43ec4d4d31c341ebb432a32964ca5') in 0.099899 seconds 
  Import took 0.157363 seconds .

========================================================================
Received Import Request.
  Time since last request: 89.979987 seconds.
  path: Assets/Materials/Sphere4.png
  artifactKey: Guid(1a932e341c29488448c35f513dd2fc5d) Importer(815301076,1909f56bfc062723c751e8b465ee728b)
Start importing Assets/Materials/Sphere4.png using Guid(1a932e341c29488448c35f513dd2fc5d) Importer(815301076,1909f56bfc062723c751e8b465ee728b)  -> (artifact id: '3d82fb6d0d0b5a9ab15110d831f2e7cf') in 0.024953 seconds 
  Import took 0.043265 seconds .

========================================================================
Received Import Request.
  Time since last request: 123.334967 seconds.
  path: Assets/Materials/Sphere2.png
  artifactKey: Guid(5e24ef37c7aa30c40825b7af8fb80024) Importer(815301076,1909f56bfc062723c751e8b465ee728b)
Start importing Assets/Materials/Sphere2.png using Guid(5e24ef37c7aa30c40825b7af8fb80024) Importer(815301076,1909f56bfc062723c751e8b465ee728b)  -> (artifact id: '0d05c202e5fe14ba4a06904f741456a0') in 0.016785 seconds 
  Import took 0.050201 seconds .

========================================================================
Received Import Request.
  Time since last request: 2.894533 seconds.
  path: Assets/Materials/Sphere8.png
  artifactKey: Guid(2e853464ad2c1044ea442c5661db4307) Importer(815301076,1909f56bfc062723c751e8b465ee728b)
Start importing Assets/Materials/Sphere8.png using Guid(2e853464ad2c1044ea442c5661db4307) Importer(815301076,1909f56bfc062723c751e8b465ee728b)  -> (artifact id: '2d50a10d41d8d6ca7c684c3cf035efc7') in 0.013948 seconds 
  Import took 0.018365 seconds .

========================================================================
Received Import Request.
  Time since last request: 0.000292 seconds.
  path: Assets/Materials/Sphere16.png
  artifactKey: Guid(e4ec6a13eef85904781ab9bd18056c08) Importer(815301076,1909f56bfc062723c751e8b465ee728b)
Start importing Assets/Materials/Sphere16.png using Guid(e4ec6a13eef85904781ab9bd18056c08) Importer(815301076,1909f56bfc062723c751e8b465ee728b)  -> (artifact id: '92e4b86e9a7e23751c5883772e4c08f3') in 0.014078 seconds 
  Import took 0.019101 seconds .

========================================================================
Received Import Request.
  Time since last request: 430.210883 seconds.
  path: Assets/Scenes/BillardGame.unity
  artifactKey: Guid(79a0dc5b112422d4084e10656d6e80c0) Importer(815301076,1909f56bfc062723c751e8b465ee728b)
Start importing Assets/Scenes/BillardGame.unity using Guid(79a0dc5b112422d4084e10656d6e80c0) Importer(815301076,1909f56bfc062723c751e8b465ee728b)  -> (artifact id: '525406e8ef713f457357db087e719bb7') in 0.009965 seconds 
  Import took 0.034742 seconds .

AssetImportWorkerClient::OnTransportError - code=2 error=End of file
