Using pre-set license
Built from '2020.3/staging' branch; Version is '2020.3.13f1 (71691879b7f5) revision 7432472'; Using compiler version '192528614'; Build Type 'Release'
OS: 'Windows 10 Home; OS build 19043.1165; Version 2009; 64bit' Language: 'en' Physical Memory: 16348 MB
BatchMode: 1, IsHumanControllingUs: 0, StartBugReporterOnCrash: 0, Is64bit: 1, IsPro: 0

 COMMAND LINE ARGUMENTS:
C:\Program Files\Unity\Hub\Editor\2020.3.13f1\Editor\Unity.exe
-adb2
-batchMode
-noUpm
-name
AssetImportWorker0
-projectPath
E:/GitHub/Matte/Matte/Matte
-logFile
Logs/AssetImportWorker0.log
-srvPort
11716
Successfully changed project path to: E:/GitHub/Matte/Matte/Matte
E:/GitHub/Matte/Matte/Matte
Using Asset Import Pipeline V2.
Refreshing native plugins compatible for Editor in 35.88 ms, found 2 plugins.
Preloading 0 native plugins for Editor in 0.00 ms.
Initialize engine version: 2020.3.13f1 (71691879b7f5)
[Subsystems] Discovering subsystems at path C:/Program Files/Unity/Hub/Editor/2020.3.13f1/Editor/Data/Resources/UnitySubsystems
[Subsystems] Discovering subsystems at path E:/GitHub/Matte/Matte/Matte/Assets
GfxDevice: creating device client; threaded=0
Direct3D:
    Version:  Direct3D 11.0 [level 11.1]
    Renderer: NVIDIA GeForce GTX 1060 6GB (ID=0x1c03)
    Vendor:   
    VRAM:     6052 MB
    Driver:   27.21.14.6192
Initialize mono
Mono path[0] = 'C:/Program Files/Unity/Hub/Editor/2020.3.13f1/Editor/Data/Managed'
Mono path[1] = 'C:/Program Files/Unity/Hub/Editor/2020.3.13f1/Editor/Data/MonoBleedingEdge/lib/mono/unityjit'
Mono config path = 'C:/Program Files/Unity/Hub/Editor/2020.3.13f1/Editor/Data/MonoBleedingEdge/etc'
Using monoOptions --debugger-agent=transport=dt_socket,embedding=1,server=y,suspend=n,address=127.0.0.1:56228
Begin MonoManager ReloadAssembly
Registering precompiled unity dll's ...
Register platform support module: C:/Program Files/Unity/Hub/Editor/2020.3.13f1/Editor/Data/PlaybackEngines/WindowsStandaloneSupport/UnityEditor.WindowsStandalone.Extensions.dll
Registered in 0.002675 seconds.
Native extension for WindowsStandalone target not found
Refreshing native plugins compatible for Editor in 34.40 ms, found 2 plugins.
Preloading 0 native plugins for Editor in 0.00 ms.
Mono: successfully reloaded assembly
- Completed reload, in  1.187 seconds
Platform modules already initialized, skipping
Registering precompiled user dll's ...
Registered in 0.004252 seconds.
Begin MonoManager ReloadAssembly
Native extension for WindowsStandalone target not found
Refreshing native plugins compatible for Editor in 0.40 ms, found 2 plugins.
Preloading 0 native plugins for Editor in 0.00 ms.
Mono: successfully reloaded assembly
- Completed reload, in  1.045 seconds
Platform modules already initialized, skipping
========================================================================
Worker process is ready to serve import requests
Launched and connected shader compiler UnityShaderCompiler.exe after 0.05 seconds
Refreshing native plugins compatible for Editor in 0.42 ms, found 2 plugins.
Preloading 0 native plugins for Editor in 0.00 ms.
Unloading 1564 Unused Serialized files (Serialized files now loaded: 0)
System memory in use before: 156.0 MB.
System memory in use after: 125.0 MB.

Unloading 51 unused Assets to reduce memory usage. Loaded Objects now: 1967.
Total: 7.486400 ms (FindLiveObjects: 0.248400 ms CreateObjectMapping: 0.077000 ms MarkObjects: 1.937800 ms  DeleteObjects: 5.222000 ms)

AssetImportParameters requested are different than current active one (requested -> active):
  custom:framework-win-MediaFoundation: 216162199b28c13a410421893ffa2e32 -> 
  custom:video-decoder-ogg-theora: a1e56fd34408186e4bbccfd4996cb3dc -> 
  custom:container-muxer-webm: aa71ff27fc2769a1b78a27578f13a17b -> 
  custom:container-demuxer-webm: 4f35f7cbe854078d1ac9338744f61a02 -> 
  custom:container-demuxer-ogg: 62fdf1f143b41e24485cea50d1cbac27 -> 
  custom:video-encoder-webm-vp8: eb34c28f22e8b96e1ab97ce403110664 -> 
  custom:video-codec-MediaFoundation-h265: 746d11721c4dcdbdad8f713fa42b33f4 -> 
  custom:video-decoder-webm-vp8: 9c59270c3fd7afecdb556c50c9e8de78 -> 
  custom:audio-decoder-ogg-vorbis: bf7c407c2cedff20999df2af8eb42d56 -> 
  custom:audio-encoder-webm-vorbis: bf7c407c2cedff20999df2af8eb42d56 -> 
========================================================================
Received Import Request.
  path: Assets/Assets/2048pool.fbx
  artifactKey: Guid(1a212fa70df27bf49aef70d7451b3eaf) Importer(815301076,1909f56bfc062723c751e8b465ee728b)
Start importing Assets/Assets/2048pool.fbx using Guid(1a212fa70df27bf49aef70d7451b3eaf) Importer(815301076,1909f56bfc062723c751e8b465ee728b)  -> (artifact id: '5385bbb23f930ee60e89194baf7788e8') in 0.298573 seconds 
  Import took 0.301313 seconds .

========================================================================
Received Import Request.
  Time since last request: 9.595650 seconds.
  path: Assets/Assets/2048pool.fbx
  artifactKey: Guid(1a212fa70df27bf49aef70d7451b3eaf) Importer(815301076,1909f56bfc062723c751e8b465ee728b)
Start importing Assets/Assets/2048pool.fbx using Guid(1a212fa70df27bf49aef70d7451b3eaf) Importer(815301076,1909f56bfc062723c751e8b465ee728b)  -> (artifact id: 'fffaf0f1979aa7f577050078433124a3') in 0.130075 seconds 
  Import took 0.133200 seconds .

========================================================================
Received Import Request.
  Time since last request: 22.480231 seconds.
  path: Assets/Materials/Sphere4.png
  artifactKey: Guid(1a932e341c29488448c35f513dd2fc5d) Importer(815301076,1909f56bfc062723c751e8b465ee728b)
Start importing Assets/Materials/Sphere4.png using Guid(1a932e341c29488448c35f513dd2fc5d) Importer(815301076,1909f56bfc062723c751e8b465ee728b)  -> (artifact id: '57fa424dfde44a2702f684a2a41015b1') in 0.030783 seconds 
  Import took 0.033575 seconds .

========================================================================
Received Import Request.
  Time since last request: 0.000277 seconds.
  path: Assets/Materials/Sphere8.png
  artifactKey: Guid(2e853464ad2c1044ea442c5661db4307) Importer(815301076,1909f56bfc062723c751e8b465ee728b)
Start importing Assets/Materials/Sphere8.png using Guid(2e853464ad2c1044ea442c5661db4307) Importer(815301076,1909f56bfc062723c751e8b465ee728b)  -> (artifact id: '40010a4921c13a82d2e24c937e0ff76c') in 0.008452 seconds 
  Import took 0.011441 seconds .

========================================================================
Received Import Request.
  Time since last request: 51.226999 seconds.
  path: Assets/Materials/Line.png
  artifactKey: Guid(c177c655686edf347977537f1ed33c41) Importer(815301076,1909f56bfc062723c751e8b465ee728b)
Start importing Assets/Materials/Line.png using Guid(c177c655686edf347977537f1ed33c41) Importer(815301076,1909f56bfc062723c751e8b465ee728b)  -> (artifact id: '51d108b4263085eddf7b21470d7caace') in 0.013521 seconds 
  Import took 0.016728 seconds .

========================================================================
Received Import Request.
  Time since last request: 0.001748 seconds.
  path: Assets/Materials/Line.png
  artifactKey: Guid(c177c655686edf347977537f1ed33c41) Importer(815301076,1909f56bfc062723c751e8b465ee728b)
Start importing Assets/Materials/Line.png using Guid(c177c655686edf347977537f1ed33c41) Importer(815301076,1909f56bfc062723c751e8b465ee728b)  -> (artifact id: '51d108b4263085eddf7b21470d7caace') in 0.007146 seconds 
  Import took 0.009957 seconds .

========================================================================
Received Import Request.
  Time since last request: 26.496442 seconds.
  path: Assets/Materials/M_Line.mat
  artifactKey: Guid(67b8e7a28fe79c948b2d02c076b88c41) Importer(815301076,1909f56bfc062723c751e8b465ee728b)
Start importing Assets/Materials/M_Line.mat using Guid(67b8e7a28fe79c948b2d02c076b88c41) Importer(815301076,1909f56bfc062723c751e8b465ee728b)  -> (artifact id: '674cdc0f2d9b00b70eefd1ae625d2d26') in 0.021249 seconds 
  Import took 0.024557 seconds .

========================================================================
Received Import Request.
  Time since last request: 63.652132 seconds.
  path: Assets/Materials/M_75.mat
  artifactKey: Guid(3900b2118010dfd44b7811e01ab73bc2) Importer(815301076,1909f56bfc062723c751e8b465ee728b)
Start importing Assets/Materials/M_75.mat using Guid(3900b2118010dfd44b7811e01ab73bc2) Importer(815301076,1909f56bfc062723c751e8b465ee728b)  -> (artifact id: '13900f6f60141ea80a09045802144419') in 0.014006 seconds 
  Import took 0.017556 seconds .

========================================================================
Received Import Request.
  Time since last request: 9.345863 seconds.
  path: Assets/Materials/M_50.mat
  artifactKey: Guid(7876ebdbb73feea4caa16bc2627145d0) Importer(815301076,1909f56bfc062723c751e8b465ee728b)
Start importing Assets/Materials/M_50.mat using Guid(7876ebdbb73feea4caa16bc2627145d0) Importer(815301076,1909f56bfc062723c751e8b465ee728b)  -> (artifact id: 'f22cd26560240f4575b6f5e9ffedae53') in 0.020221 seconds 
  Import took 0.023447 seconds .

========================================================================
Received Import Request.
  Time since last request: 8.717852 seconds.
  path: Assets/Materials/M_min.mat
  artifactKey: Guid(bc80e16053971f74e9e142a266cf0715) Importer(815301076,1909f56bfc062723c751e8b465ee728b)
Start importing Assets/Materials/M_min.mat using Guid(bc80e16053971f74e9e142a266cf0715) Importer(815301076,1909f56bfc062723c751e8b465ee728b)  -> (artifact id: 'e0d7033d5cec2210344957ec23340b83') in 0.017251 seconds 
  Import took 0.020250 seconds .

========================================================================
Received Import Request.
  Time since last request: 7.548172 seconds.
  path: Assets/Materials/M_Min.mat
  artifactKey: Guid(bc80e16053971f74e9e142a266cf0715) Importer(815301076,1909f56bfc062723c751e8b465ee728b)
Start importing Assets/Materials/M_Min.mat using Guid(bc80e16053971f74e9e142a266cf0715) Importer(815301076,1909f56bfc062723c751e8b465ee728b)  -> (artifact id: 'd57fbf2ac518a045e443ea565af8107d') in 0.016590 seconds 
  Import took 0.019530 seconds .

========================================================================
Received Import Request.
  Time since last request: 367.444593 seconds.
  path: Assets/Materials/M_50.mat
  artifactKey: Guid(7876ebdbb73feea4caa16bc2627145d0) Importer(815301076,1909f56bfc062723c751e8b465ee728b)
Start importing Assets/Materials/M_50.mat using Guid(7876ebdbb73feea4caa16bc2627145d0) Importer(815301076,1909f56bfc062723c751e8b465ee728b)  -> (artifact id: 'de90e42bfdd7fbbe003a1b099bb8c1ed') in 0.018910 seconds 
  Import took 0.022548 seconds .

========================================================================
Received Import Request.
  Time since last request: 0.000267 seconds.
  path: Assets/Materials/M_75.mat
  artifactKey: Guid(3900b2118010dfd44b7811e01ab73bc2) Importer(815301076,1909f56bfc062723c751e8b465ee728b)
Start importing Assets/Materials/M_75.mat using Guid(3900b2118010dfd44b7811e01ab73bc2) Importer(815301076,1909f56bfc062723c751e8b465ee728b)  -> (artifact id: 'fe6562340374cb35d19db77da2dfe584') in 0.011992 seconds 
  Import took 0.015418 seconds .

========================================================================
Received Import Request.
  Time since last request: 0.000336 seconds.
  path: Assets/Materials/M_Line.mat
  artifactKey: Guid(67b8e7a28fe79c948b2d02c076b88c41) Importer(815301076,1909f56bfc062723c751e8b465ee728b)
Start importing Assets/Materials/M_Line.mat using Guid(67b8e7a28fe79c948b2d02c076b88c41) Importer(815301076,1909f56bfc062723c751e8b465ee728b)  -> (artifact id: 'ad4d888aff89835b7c017b7d6993f862') in 0.017237 seconds 
  Import took 0.020339 seconds .

========================================================================
Received Import Request.
  Time since last request: 0.000228 seconds.
  path: Assets/Materials/M_Min.mat
  artifactKey: Guid(bc80e16053971f74e9e142a266cf0715) Importer(815301076,1909f56bfc062723c751e8b465ee728b)
Start importing Assets/Materials/M_Min.mat using Guid(bc80e16053971f74e9e142a266cf0715) Importer(815301076,1909f56bfc062723c751e8b465ee728b)  -> (artifact id: 'a3be831d6e652bf1e1e5d121fb01007f') in 0.010806 seconds 
  Import took 0.013958 seconds .

========================================================================
Received Import Request.
  Time since last request: 101.522082 seconds.
  path: Assets/Materials/Line.png
  artifactKey: Guid(c177c655686edf347977537f1ed33c41) Importer(815301076,1909f56bfc062723c751e8b465ee728b)
Start importing Assets/Materials/Line.png using Guid(c177c655686edf347977537f1ed33c41) Importer(815301076,1909f56bfc062723c751e8b465ee728b)  -> (artifact id: 'ff2587589fa38d2c9866a0a3b82aed3b') in 0.012243 seconds 
  Import took 0.015706 seconds .

========================================================================
Received Import Request.
  Time since last request: 2264.706559 seconds.
  path: Assets/Materials/Line.png
  artifactKey: Guid(c177c655686edf347977537f1ed33c41) Importer(815301076,1909f56bfc062723c751e8b465ee728b)
Start importing Assets/Materials/Line.png using Guid(c177c655686edf347977537f1ed33c41) Importer(815301076,1909f56bfc062723c751e8b465ee728b)  -> (artifact id: 'fde11f08e95055bad10adab3343c9a38') in 0.027109 seconds 
  Import took 0.030019 seconds .

========================================================================
Received Import Request.
  Time since last request: 72.969437 seconds.
  path: Assets/Materials/Line.png
  artifactKey: Guid(c177c655686edf347977537f1ed33c41) Importer(815301076,1909f56bfc062723c751e8b465ee728b)
Start importing Assets/Materials/Line.png using Guid(c177c655686edf347977537f1ed33c41) Importer(815301076,1909f56bfc062723c751e8b465ee728b)  -> (artifact id: '5a1919c0dd7a0fc8b662482e18a642ab') in 0.012247 seconds 
  Import took 0.015421 seconds .

========================================================================
Received Import Request.
  Time since last request: 375.300010 seconds.
  path: Assets/Assets/2048pool.fbx
  artifactKey: Guid(1a212fa70df27bf49aef70d7451b3eaf) Importer(815301076,1909f56bfc062723c751e8b465ee728b)
Start importing Assets/Assets/2048pool.fbx using Guid(1a212fa70df27bf49aef70d7451b3eaf) Importer(815301076,1909f56bfc062723c751e8b465ee728b)  -> (artifact id: '9ce85f9138368809fa552655bb2e6c50') in 0.100216 seconds 
  Import took 0.103508 seconds .

========================================================================
Received Import Request.
  Time since last request: 8.241455 seconds.
  path: Assets/Assets/2048pool.fbx
  artifactKey: Guid(1a212fa70df27bf49aef70d7451b3eaf) Importer(815301076,1909f56bfc062723c751e8b465ee728b)
Start importing Assets/Assets/2048pool.fbx using Guid(1a212fa70df27bf49aef70d7451b3eaf) Importer(815301076,1909f56bfc062723c751e8b465ee728b)  -> (artifact id: '2737bf3d2343e2abebcd1e6a1e924951') in 0.158618 seconds 
  Import took 0.162654 seconds .

========================================================================
Received Import Request.
  Time since last request: 168.620797 seconds.
  path: Assets/Assets/2048pool.fbx
  artifactKey: Guid(1a212fa70df27bf49aef70d7451b3eaf) Importer(815301076,1909f56bfc062723c751e8b465ee728b)
Start importing Assets/Assets/2048pool.fbx using Guid(1a212fa70df27bf49aef70d7451b3eaf) Importer(815301076,1909f56bfc062723c751e8b465ee728b)  -> (artifact id: 'bd6fa48286a0a9f1ed3ce2e6c8f505d2') in 0.157098 seconds 
  Import took 0.160958 seconds .

========================================================================
Received Import Request.
  Time since last request: 28.161951 seconds.
  path: Assets/Materials/M_Table_Border.mat
  artifactKey: Guid(6abb5c833f285f54a903620fbb01a357) Importer(815301076,1909f56bfc062723c751e8b465ee728b)
Start importing Assets/Materials/M_Table_Border.mat using Guid(6abb5c833f285f54a903620fbb01a357) Importer(815301076,1909f56bfc062723c751e8b465ee728b)  -> (artifact id: '720c42f83688cb31081cbd1249af336b') in 0.016525 seconds 
  Import took 0.019697 seconds .

AssetImportWorkerClient::OnTransportError - code=2 error=End of file
